12:10:10 ===== Cooker started =====
12:10:15 STOPPED: Stopped (F6)
12:14:06 ===== Cooker started =====
12:14:09 STOPPED: Stopped (F6)
12:14:58 ===== Cooker started =====
12:15:02 STOPPED: Stopped (F6)
12:15:13 ===== Cooker started =====
12:15:20 WalkRange: arrived at range
12:16:26 CookPhase: cooking complete
12:16:33 WalkBank: arrived at bank
12:16:34 BankPhase: deposited and withdrew raw food, cycling back to range
12:16:40 STOPPED: Stopped (F6)
12:18:08 ===== Cooker started =====
12:18:11 STOPPED: Stopped (F6)
12:18:32 STOPPED: Stopped (F6)
12:18:33 ===== Cooker started =====
12:18:35 STOPPED: Stopped (F6)
12:18:41 ===== Cooker started =====
12:18:48 WalkRange: arrived at range
12:19:19 CookPhase: cooking complete
12:24:31 ===== Cooker started =====
12:24:35 STOPPED: Stopped (F6)
12:24:39 ===== Cooker started =====
12:24:42 ===== Cooker started =====
12:26:14 ===== Cooker started =====
12:26:17 STOPPED: Stopped (F6)
12:26:47 ===== Cooker started =====
12:26:51 STOPPED: Stopped (F6)
12:27:01 ===== Cooker started =====
12:27:08 WalkRange: arrived at range
12:28:14 CookPhase: cooking complete
12:28:21 WalkBank: arrived at bank
12:28:23 BankPhase: deposited and withdrew supplies, cycling back to range
12:28:25 STOPPED: Stopped (F6)
12:32:01 ===== Cooker started =====
12:32:04 STOPPED: Stopped (F6)
12:32:13 ===== Cooker started =====
12:32:20 WalkRange: arrived at range
12:33:26 CookPhase: cooking complete
12:33:33 WalkBank: arrived at bank
12:33:35 BankPhase: deposited and withdrew supplies, cycling back to range
12:33:42 WalkRange: arrived at range
12:34:48 CookPhase: cooking complete
12:34:54 WalkBank: arrived at bank
12:34:57 BankPhase: deposited and withdrew supplies, cycling back to range
12:35:03 WalkRange: arrived at range
12:36:10 CookPhase: cooking complete
12:36:16 WalkBank: arrived at bank
12:36:18 BankPhase: deposited and withdrew supplies, cycling back to range
12:36:25 WalkRange: arrived at range
12:37:31 CookPhase: cooking complete
12:37:37 WalkBank: arrived at bank
12:37:40 BankPhase: deposited and withdrew supplies, cycling back to range
12:37:47 WalkRange: arrived at range
12:38:53 CookPhase: cooking complete
12:38:59 WalkBank: arrived at bank
12:39:01 BankPhase: deposited and withdrew supplies, cycling back to range
12:39:08 WalkRange: arrived at range
12:40:14 CookPhase: cooking complete
12:40:21 WalkBank: arrived at bank
12:40:23 BankPhase: deposited and withdrew supplies, cycling back to range
12:40:30 WalkRange: arrived at range
12:41:36 CookPhase: cooking complete
12:41:42 WalkBank: arrived at bank
12:41:45 BankPhase: deposited and withdrew supplies, cycling back to range
12:41:51 WalkRange: arrived at range
12:42:58 CookPhase: cooking complete
12:43:04 WalkBank: arrived at bank
12:43:06 BankPhase: deposited and withdrew supplies, cycling back to range
12:43:13 WalkRange: arrived at range
12:44:19 CookPhase: cooking complete
12:44:26 WalkBank: arrived at bank
12:44:28 BankPhase: deposited and withdrew supplies, cycling back to range
12:44:35 WalkRange: arrived at range
12:45:41 CookPhase: cooking complete
12:45:47 WalkBank: arrived at bank
12:45:49 BankPhase: deposited and withdrew supplies, cycling back to range
12:45:56 WalkRange: arrived at range
12:47:02 CookPhase: cooking complete
12:47:09 WalkBank: arrived at bank
12:47:11 BankPhase: deposited and withdrew supplies, cycling back to range
12:47:18 WalkRange: arrived at range
12:48:24 CookPhase: cooking complete
12:48:30 WalkBank: arrived at bank
12:48:33 BankPhase: deposited and withdrew supplies, cycling back to range
12:48:39 WalkRange: arrived at range
12:49:45 CookPhase: cooking complete
12:49:52 WalkBank: arrived at bank
12:49:54 BankPhase: deposited and withdrew supplies, cycling back to range
12:50:01 WalkRange: arrived at range
12:51:07 CookPhase: cooking complete
12:51:14 WalkBank: arrived at bank
12:51:16 BankPhase: deposited and withdrew supplies, cycling back to range
12:51:23 WalkRange: arrived at range
12:52:29 CookPhase: cooking complete
12:52:35 WalkBank: arrived at bank
12:52:37 BankPhase: deposited and withdrew supplies, cycling back to range
12:52:44 WalkRange: arrived at range
12:53:50 CookPhase: cooking complete
12:53:57 WalkBank: arrived at bank
12:53:59 BankPhase: deposited and withdrew supplies, cycling back to range
12:54:06 WalkRange: arrived at range
12:55:12 CookPhase: cooking complete
12:55:18 WalkBank: arrived at bank
12:55:21 BankPhase: deposited and withdrew supplies, cycling back to range
12:55:28 WalkRange: arrived at range
12:56:34 CookPhase: cooking complete
12:56:40 WalkBank: arrived at bank
12:56:42 BankPhase: deposited and withdrew supplies, cycling back to range
12:56:49 WalkRange: arrived at range
12:57:55 CookPhase: cooking complete
12:58:02 WalkBank: arrived at bank
12:58:04 BankPhase: deposited and withdrew supplies, cycling back to range
12:58:11 WalkRange: arrived at range
12:59:17 CookPhase: cooking complete
12:59:23 WalkBank: arrived at bank
12:59:25 BankPhase: deposited and withdrew supplies, cycling back to range
12:59:32 WalkRange: arrived at range
13:00:38 CookPhase: cooking complete
13:00:45 WalkBank: arrived at bank
13:00:47 BankPhase: deposited and withdrew supplies, cycling back to range
13:00:54 WalkRange: arrived at range
13:02:00 CookPhase: cooking complete
13:02:06 WalkBank: arrived at bank
13:02:09 BankPhase: deposited and withdrew supplies, cycling back to range
13:02:39 WalkRange: never arrived at range - retrying
13:02:44 WalkRange: marker not found - retrying
13:02:49 WalkRange: marker not found - retrying
13:02:54 WalkRange: marker not found - retrying
13:02:59 WalkRange: marker not found - retrying
13:03:04 WalkRange: marker not found - retrying
13:03:09 WalkRange: marker not found - retrying
