11:19:20 fish: found spot at 1067,497 - clicking
11:19:21 fish: acquired at 1067,517 - tracking
11:21:35 fish: spot confirmed gone after 5 misses (last seen near 1005,665) - re-searching
11:21:35 ===== Fisher started =====
11:21:35 fish: found spot at 935,665 - clicking
11:21:36 fish: acquired at 939,665 - tracking
11:26:41 fish: spot confirmed gone after 5 misses (last seen near 1005,665) - re-searching
11:26:41 fish: found spot at 1149,731 - clicking
11:26:42 fish: acquired at 1145,731 - tracking
11:27:00 fish: spot confirmed gone after 5 misses (last seen near 1077,731) - re-searching
11:27:01 fish: found spot at 935,665 - clicking
11:27:01 fish: acquired at 937,665 - tracking
11:27:18 fish: inventory full (during tracking) - stopping
11:27:18 STOPPED: Inventory full
11:33:11 fish: found spot at 939,485 - clicking
11:33:12 fish: acquired at 939,485 - tracking
11:35:10 fish: spot confirmed gone after 5 misses (last seen near 1009,665) - re-searching
11:35:10 ===== Fisher started =====
11:35:10 fish: found spot at 1005,709 - clicking
11:35:11 fish: acquired at 1005,669 - tracking
11:35:22 fish: found spot at 1005,665 - clicking
11:35:23 fish: acquired at 1005,665 - tracking
11:36:59 fish: spot confirmed gone after 5 misses (last seen near 1005,665) - re-searching
11:36:59 ===== Fisher started =====
11:36:59 fish: found spot at 1151,731 - clicking
11:37:00 fish: acquired at 1149,731 - tracking
11:39:14 STOPPED: Stopped (F6)
11:53:48 fish: found spot at 1005,511 - clicking
11:53:48 fish: acquired at 1005,511 - tracking
11:57:28 fish: spot confirmed gone after 5 misses (last seen near 1005,669) - re-searching
11:57:28 ===== Fisher started =====
11:57:28 fish: found spot at 941,727 - clicking
11:57:29 fish: acquired at 941,727 - tracking
12:00:16 fish: spot confirmed gone after 5 misses (last seen near 941,727) - re-searching
12:00:17 fish: found spot at 1005,669 - clicking
12:00:18 fish: acquired at 1005,669 - tracking
12:01:01 fish: spot confirmed gone after 5 misses (last seen near 1005,629) - re-searching
12:01:01 fish: found spot at 977,665 - clicking
12:01:02 fish: acquired at 971,683 - tracking
