23:38:24 ===== Bot started =====
23:38:24 fight: outline found at 1192,697 - clicked (1187,697)
23:38:27 fight: combat never started after click - retrying
23:38:27 fight: outline found at 1259,734 - clicked (1259,729)
23:38:31 fight: combat never started after click - retrying
23:38:31 fight: outline found at 1233,734 - clicked (1233,729)
23:38:34 fight: combat never started after click - retrying
23:38:34 fight: outline found at 1389,594 - clicked (1389,589)
23:38:38 fight: combat never started after click - retrying
23:38:38 fight: outline found at 1231,715 - clicked (1231,710)
23:38:41 fight: combat never started after click - retrying
23:38:41 fight: outline found at 1135,594 - clicked (1135,589)
23:38:45 fight: combat never started after click - retrying
23:38:45 STOPPED: Stopped (F5)
23:38:45 fight: outline found at 1631,537 - clicked (1636,537)
23:38:45 fight: combat never started after click - retrying
23:39:15 ===== Bot started =====
23:39:15 fight: outline found at 1212,714 - clicked (1207,714)
23:39:19 fight: combat never started after click - retrying
23:39:19 fight: outline found at 1391,769 - clicked (1396,769)
23:39:22 fight: combat never started after click - retrying
23:39:22 fight: outline found at 1295,694 - clicked (1295,689)
23:39:26 fight: combat never started after click - retrying
23:39:26 fight: outline found at 1267,714 - clicked (1267,709)
23:39:29 fight: combat never started after click - retrying
23:39:29 fight: outline found at 1421,574 - clicked (1421,569)
23:39:33 fight: combat never started after click - retrying
23:39:33 fight: outline found at 1265,745 - clicked (1270,745)
23:39:34 fight: combat started - waiting for kill
23:39:40 fight: target confirmed dead - looking for next target
23:39:40 fight: outline found at 1351,691 - clicked (1356,691)
23:39:44 fight: combat never started after click - retrying
23:39:44 fight: outline found at 1112,629 - clicked (1107,629)
23:39:44 fight: combat started - waiting for kill
23:39:59 fight: target confirmed dead - looking for next target
23:40:00 fight: outline found at 1212,714 - clicked (1207,714)
23:40:03 fight: combat never started after click - retrying
23:40:03 fight: outline found at 1032,851 - clicked (1027,851)
23:40:06 fight: combat never started after click - retrying
23:40:07 fight: outline found at 992,589 - clicked (987,589)
23:40:09 fight: combat started - waiting for kill
23:40:14 fight: target confirmed dead - looking for next target
23:40:15 fight: outline found at 992,737 - clicked (987,737)
23:40:18 fight: combat never started after click - retrying
23:40:18 fight: outline found at 1033,757 - clicked (1028,757)
23:40:19 fight: combat started - waiting for kill
23:40:23 fight: target confirmed dead - looking for next target
23:40:24 fight: outline found at 1243,734 - clicked (1243,729)
23:40:27 fight: combat never started after click - retrying
23:40:27 fight: outline found at 1212,714 - clicked (1207,714)
23:40:27 fight: combat started - waiting for kill
23:40:33 fight: target confirmed dead - looking for next target
23:40:33 fight: outline found at 872,789 - clicked (867,789)
23:40:37 fight: combat never started after click - retrying
23:40:37 fight: outline found at 1092,913 - clicked (1087,913)
23:40:40 fight: combat started - waiting for kill
23:40:51 fight: target confirmed dead - looking for next target
23:40:51 fight: outline found at 1177,825 - clicked (1172,825)
23:40:54 fight: combat never started after click - retrying
23:40:54 fight: outline found at 972,745 - clicked (967,745)
23:40:56 fight: combat started - waiting for kill
23:40:57 STOPPED: Stopped (F5)
23:40:57 fight: kill not confirmed within timeout - retrying
23:41:03 ===== Bot started =====
23:41:03 fight: outline found at 932,585 - clicked (927,585)
23:41:06 fight: combat never started after click - retrying
23:41:07 fight: outline found at 772,749 - clicked (767,749)
23:41:10 fight: combat never started after click - retrying
23:41:10 fight: outline found at 1012,671 - clicked (1007,671)
23:41:12 fight: combat started - waiting for kill
23:41:14 fight: target confirmed dead - looking for next target
23:41:15 fight: outline found at 872,769 - clicked (867,769)
23:41:18 fight: combat never started after click - retrying
23:41:18 fight: outline found at 1052,757 - clicked (1047,757)
23:41:19 fight: combat started - waiting for kill
23:41:25 fight: target confirmed dead - looking for next target
23:41:26 fight: outline found at 952,625 - clicked (947,625)
23:41:29 fight: combat never started after click - retrying
23:41:29 fight: outline found at 1032,633 - clicked (1027,633)
23:41:32 fight: combat never started after click - retrying
23:41:33 fight: outline found at 1012,673 - clicked (1007,673)
23:41:34 fight: combat started - waiting for kill
23:41:43 fight: target confirmed dead - looking for next target
23:41:43 fight: outline found at 1209,554 - clicked (1209,549)
23:41:46 fight: combat never started after click - retrying
23:41:46 fight: outline found at 1052,589 - clicked (1047,589)
23:41:49 fight: combat started - waiting for kill
23:41:55 fight: target confirmed dead - looking for next target
23:41:55 fight: outline found at 1169,534 - clicked (1169,529)
23:41:58 fight: combat never started after click - retrying
23:41:58 fight: outline found at 1212,771 - clicked (1207,771)
23:42:02 fight: combat never started after click - retrying
23:42:02 fight: outline found at 1132,745 - clicked (1127,745)
23:42:05 fight: combat never started after click - retrying
23:42:05 fight: outline found at 1371,775 - clicked (1376,775)
23:42:08 fight: combat started - waiting for kill
23:42:10 fight: target confirmed dead - looking for next target
23:42:11 fight: outline found at 1191,574 - clicked (1191,569)
23:42:14 fight: combat never started after click - retrying
23:42:14 fight: outline found at 1209,654 - clicked (1209,649)
23:42:16 fight: combat started - waiting for kill
23:42:22 fight: target confirmed dead - looking for next target
23:42:22 STOPPED: Stopped (F5)
23:42:23 fight: outline found at 1335,634 - clicked (1335,629)
23:42:23 fight: combat never started after click - retrying
23:42:52 STOPPED: Stopped (F5)
23:42:53 ===== Bot started =====
23:42:53 fight: outline found at 1172,674 - clicked (1167,674)
23:42:55 fight: combat started - waiting for kill
23:42:58 fight: target confirmed dead - looking for next target
23:42:58 fight: outline found at 1171,654 - clicked (1171,649)
23:43:01 fight: combat started - waiting for kill
23:43:13 fight: target confirmed dead - looking for next target
23:43:13 fight: outline found at 1172,689 - clicked (1167,689)
23:43:16 fight: combat never started after click - retrying
23:43:16 fight: outline found at 1207,694 - clicked (1207,689)
23:43:20 fight: combat never started after click - retrying
23:43:20 fight: outline found at 1179,634 - clicked (1179,629)
23:43:20 STOPPED: Stopped (F5)
23:43:20 fight: combat never started after click - retrying
23:44:59 ===== Bot started =====
23:45:01 STOPPED: Stopped (F5)
23:45:02 ===== Bot started =====
23:45:02 STOPPED: Stopped (F5)
23:45:06 ===== Bot started =====
23:45:08 STOPPED: Stopped (F5)
23:45:11 ===== Bot started =====
23:45:12 ===== Bot started =====
23:45:13 STOPPED: Stopped (F5)
23:45:13 ===== Bot started =====
23:46:44 ===== Bot started =====
23:46:44 fight: outline found at 1391,615 - clicked (1396,615)
23:46:45 fight: combat started - waiting for kill
23:46:49 fight: target confirmed dead - looking for next target
23:46:49 fight: outline found at 1393,574 - clicked (1393,569)
23:46:52 fight: combat never started after click - retrying
23:46:53 fight: outline found at 1467,651 - clicked (1472,651)
23:46:53 fight: combat started - waiting for kill
23:47:15 fight: target confirmed dead - looking for next target
23:47:15 fight: outline found at 1092,869 - clicked (1087,869)
23:47:19 fight: combat never started after click - retrying
23:47:19 fight: outline found at 992,773 - clicked (987,773)
23:47:21 fight: combat started - waiting for kill
23:47:27 fight: target confirmed dead - looking for next target
23:47:27 fight: outline found at 1075,434 - clicked (1075,429)
23:47:31 fight: combat never started after click - retrying
23:47:31 fight: outline found at 952,715 - clicked (947,715)
23:47:34 fight: combat started - waiting for kill
23:47:37 fight: target confirmed dead - looking for next target
23:47:37 fight: outline found at 992,507 - clicked (987,507)
23:47:37 fight: combat started - waiting for kill
23:47:46 fight: target confirmed dead - looking for next target
23:47:46 fight: outline found at 1097,594 - clicked (1097,589)
23:47:49 fight: combat never started after click - retrying
23:47:49 fight: outline found at 1052,817 - clicked (1047,817)
23:47:52 fight: combat started - waiting for kill
23:47:54 fight: target confirmed dead - looking for next target
23:47:54 fight: outline found at 893,557 - clicked (888,557)
23:47:58 fight: combat never started after click - retrying
23:47:58 fight: outline found at 952,649 - clicked (947,649)
23:48:01 fight: combat never started after click - retrying
23:48:02 fight: outline found at 995,725 - clicked (990,725)
23:48:03 fight: combat started - waiting for kill
23:48:11 fight: target confirmed dead - looking for next target
23:48:12 fight: outline found at 1021,514 - clicked (1021,509)
23:48:15 fight: combat never started after click - retrying
23:48:15 fight: outline found at 932,457 - clicked (927,457)
23:48:19 fight: combat never started after click - retrying
23:48:19 fight: outline found at 992,573 - clicked (987,573)
23:48:21 fight: combat started - waiting for kill
23:48:27 fight: target confirmed dead - looking for next target
23:48:27 fight: outline found at 1092,777 - clicked (1087,777)
23:48:30 fight: combat started - waiting for kill
23:48:33 fight: target confirmed dead - looking for next target
23:48:33 fight: outline found at 1063,991 - clicked (1063,996)
23:48:36 fight: combat never started after click - retrying
23:48:36 fight: outline found at 1067,1053 - clicked (1067,1058)
23:48:37 fight: combat started - waiting for kill
23:48:44 fight: target confirmed dead - looking for next target
23:48:44 fight: outline found at 932,901 - clicked (927,901)
23:48:47 fight: combat started - waiting for kill
23:48:56 fight: target confirmed dead - looking for next target
23:48:56 fight: outline found at 892,631 - clicked (887,631)
23:48:59 fight: combat started - waiting for kill
23:49:11 fight: target confirmed dead - looking for next target
23:49:11 fight: outline found at 957,454 - clicked (957,449)
23:49:12 STOPPED: Stopped (F5)
23:49:12 fight: combat never started after click - retrying
23:49:18 ===== Bot started =====
23:49:19 fight: outline found at 995,623 - clicked (990,623)
23:49:19 fight: combat started - waiting for kill
23:49:22 fight: target confirmed dead - looking for next target
23:49:22 fight: outline found at 872,803 - clicked (867,803)
23:49:25 fight: combat never started after click - retrying
23:49:26 fight: outline found at 992,733 - clicked (987,733)
23:49:27 fight: combat started - waiting for kill
23:49:30 fight: target confirmed dead - looking for next target
23:49:30 fight: outline found at 952,547 - clicked (947,547)
23:49:34 fight: combat never started after click - retrying
23:49:34 fight: outline found at 1012,653 - clicked (1007,653)
23:49:36 fight: combat started - waiting for kill
23:49:39 fight: target confirmed dead - looking for next target
23:49:39 STOPPED: Stopped (F5)
23:49:39 fight: outline found at 952,695 - clicked (947,695)
23:49:40 fight: combat never started after click - retrying
23:52:18 ===== Bot started =====
23:52:18 fight: outline found at 977,670 - clicked (977,665)
23:52:19 fight: combat started - waiting for kill
23:52:22 fight: target confirmed dead - looking for next target
23:52:23 fight: outline found at 957,650 - clicked (957,645)
23:52:25 fight: combat started - waiting for kill
23:52:34 fight: target confirmed dead - looking for next target
23:52:35 fight: outline found at 1075,610 - clicked (1075,605)
23:52:38 fight: combat never started after click - retrying
23:52:38 fight: outline found at 1027,769 - clicked (1027,774)
23:52:40 fight: combat started - waiting for kill
23:52:46 fight: target confirmed dead - looking for next target
23:52:46 fight: outline found at 853,559 - clicked (848,559)
23:52:49 fight: combat never started after click - retrying
23:52:49 fight: outline found at 907,645 - clicked (902,645)
23:52:53 fight: combat never started after click - retrying
23:52:53 fight: outline found at 933,809 - clicked (933,814)
23:52:55 fight: combat started - waiting for kill
23:52:58 fight: target confirmed dead - looking for next target
23:52:58 fight: outline found at 875,570 - clicked (875,565)
23:53:01 fight: combat never started after click - retrying
23:53:01 fight: outline found at 1017,550 - clicked (1017,545)
23:53:02 fight: combat started - waiting for kill
23:53:13 fight: target confirmed dead - looking for next target
23:53:13 fight: outline found at 971,711 - clicked (966,711)
23:53:16 fight: combat never started after click - retrying
23:53:16 fight: outline found at 987,610 - clicked (987,605)
23:53:19 fight: combat started - waiting for kill
23:53:22 fight: target confirmed dead - looking for next target
23:53:22 fight: outline found at 887,703 - clicked (882,703)
23:53:25 fight: combat never started after click - retrying
23:53:25 fight: outline found at 867,657 - clicked (862,657)
23:53:26 fight: combat started - waiting for kill
23:53:38 fight: target confirmed dead - looking for next target
23:53:38 fight: outline found at 1127,590 - clicked (1132,590)
23:53:41 fight: combat never started after click - retrying
23:53:42 fight: outline found at 1097,590 - clicked (1097,585)
23:53:42 fight: combat started - waiting for kill
23:53:51 fight: target confirmed dead - looking for next target
23:53:51 fight: outline found at 967,670 - clicked (962,670)
23:53:54 fight: combat started - waiting for kill
23:54:00 fight: target confirmed dead - looking for next target
23:54:00 fight: outline found at 907,613 - clicked (902,613)
23:54:03 fight: combat never started after click - retrying
23:54:03 fight: outline found at 1033,650 - clicked (1033,645)
23:54:04 fight: combat started - waiting for kill
23:54:21 fight: target confirmed dead - looking for next target
23:54:21 fight: outline found at 1005,670 - clicked (1005,665)
23:54:24 fight: combat started - waiting for kill
23:54:33 fight: target confirmed dead - looking for next target
23:54:33 fight: outline found at 1097,610 - clicked (1097,605)
23:54:37 fight: combat never started after click - retrying
23:54:37 fight: outline found at 1087,610 - clicked (1087,605)
23:54:37 fight: combat started - waiting for kill
23:54:42 fight: target confirmed dead - looking for next target
23:54:42 fight: outline found at 947,733 - clicked (942,733)
23:54:45 fight: combat started - waiting for kill
23:54:51 fight: target confirmed dead - looking for next target
23:54:51 fight: outline found at 927,755 - clicked (922,755)
23:54:55 fight: combat never started after click - retrying
23:54:55 fight: outline found at 1105,610 - clicked (1105,605)
23:54:55 fight: combat started - waiting for kill
23:54:59 STOPPED: Stopped (F5)
23:54:59 fight: kill not confirmed within timeout - retrying
23:55:36 ===== Bot started =====
23:55:36 fight: outline found at 971,671 - clicked (971,666)
23:55:40 fight: combat never started after click - retrying
23:55:41 fight: outline found at 1015,709 - clicked (1020,709)
23:55:42 fight: combat started - waiting for kill
23:55:51 fight: target confirmed dead - looking for next target
23:55:51 fight: outline found at 1087,751 - clicked (1092,751)
23:55:55 fight: combat started - waiting for kill
23:56:03 fight: target confirmed dead - looking for next target
23:56:04 fight: outline found at 769,683 - clicked (764,683)
23:56:04 STOPPED: Stopped (F5)
23:56:04 fight: combat never started after click - retrying
23:56:43 ===== Bot started =====
23:56:43 fight: outline found at 887,725 - clicked (882,725)
23:56:46 STOPPED: Stopped (F5)
23:56:46 ===== Bot started =====
23:56:47 fight: outline found at 967,701 - clicked (962,701)
23:56:48 fight: combat started - waiting for kill
23:56:51 fight: target confirmed dead - looking for next target
23:56:51 fight: outline found at 827,875 - clicked (822,875)
23:56:54 fight: combat started - waiting for kill
23:57:03 fight: target confirmed dead - looking for next target
23:57:03 fight: outline found at 947,729 - clicked (942,729)
23:57:07 fight: combat never started after click - retrying
23:57:07 fight: outline found at 995,723 - clicked (995,728)
23:57:09 fight: combat started - waiting for kill
23:57:18 fight: target confirmed dead - looking for next target
23:57:18 fight: outline found at 929,875 - clicked (929,880)
23:57:22 fight: combat never started after click - retrying
23:57:22 fight: outline found at 913,590 - clicked (913,585)
23:57:25 fight: combat started - waiting for kill
23:57:33 fight: target confirmed dead - looking for next target
23:57:33 fight: outline found at 887,787 - clicked (882,787)
23:57:37 fight: combat started - waiting for kill
23:57:39 fight: target confirmed dead - looking for next target
23:57:39 fight: outline found at 959,630 - clicked (959,625)
23:57:43 fight: combat started - waiting for kill
23:57:51 fight: target confirmed dead - looking for next target
23:57:51 fight: outline found at 1147,647 - clicked (1152,647)
23:57:55 fight: combat started - waiting for kill
23:57:58 fight: target confirmed dead - looking for next target
23:57:58 fight: outline found at 949,630 - clicked (949,625)
23:58:02 fight: combat never started after click - retrying
23:58:02 fight: outline found at 953,630 - clicked (953,625)
23:58:04 fight: combat started - waiting for kill
23:58:10 fight: target confirmed dead - looking for next target
23:58:11 fight: outline found at 943,630 - clicked (943,625)
23:58:13 fight: combat started - waiting for kill
23:58:16 fight: target confirmed dead - looking for next target
23:58:17 fight: outline found at 975,630 - clicked (975,625)
23:58:21 fight: combat never started after click - retrying
23:58:21 fight: outline found at 981,670 - clicked (981,665)
23:58:22 fight: combat started - waiting for kill
23:58:25 fight: target confirmed dead - looking for next target
23:58:26 fight: outline found at 827,617 - clicked (822,617)
23:58:30 fight: combat never started after click - retrying
23:58:30 fight: outline found at 1125,671 - clicked (1130,671)
23:58:33 fight: combat started - waiting for kill
23:58:35 fight: target confirmed dead - looking for next target
23:58:35 fight: outline found at 827,835 - clicked (822,835)
23:58:39 fight: combat started - waiting for kill
23:58:41 fight: target confirmed dead - looking for next target
23:58:41 fight: outline found at 887,761 - clicked (882,761)
23:58:46 fight: combat never started after click - retrying
23:58:46 fight: outline found at 927,697 - clicked (922,697)
23:58:48 fight: combat started - waiting for kill
23:58:57 fight: target confirmed dead - looking for next target
23:58:57 fight: outline found at 941,610 - clicked (941,605)
23:59:00 fight: combat started - waiting for kill
23:59:03 fight: target confirmed dead - looking for next target
23:59:03 fight: outline found at 907,721 - clicked (902,721)
23:59:06 fight: combat started - waiting for kill
23:59:12 fight: target confirmed dead - looking for next target
23:59:12 STOPPED: Stopped (F5)
23:59:12 fight: outline found at 1087,719 - clicked (1092,719)
23:59:12 fight: combat never started after click - retrying
00:07:26 ===== Bot started =====
00:07:27 fight: outline found at 887,550 - clicked (887,545)
00:07:31 fight: combat never started after click - retrying
00:07:31 fight: outline found at 967,711 - clicked (962,711)
