09:49:01 ===== Bot started =====
09:49:01 smelt: inventory already empty - skipping to bank
09:49:05 ===== Bot started =====
09:49:05 smelt: inventory already empty - skipping to bank
09:49:13 ===== Bot started =====
09:49:13 smelt: inventory already empty - skipping to bank
09:49:31 ===== Bot started =====
09:49:31 smelt: inventory already empty - skipping to bank
09:49:32 STOPPED: Stopped (F3)
09:49:33 STOPPED: Could not find the bank marker color
09:49:34 ===== Bot started =====
09:49:34 smelt: inventory already empty - skipping to bank
09:49:34 STOPPED: Stopped (F3)
09:49:34 STOPPED: Could not find the bank marker color
09:50:07 ===== Bot started =====
09:50:07 smelt: inventory already empty - skipping to bank
09:51:10 ===== Bot started =====
09:51:10 smelt: inventory already empty - skipping to bank
09:54:29 ===== Bot started =====
09:54:29 smelt: inventory already empty - skipping to bank
09:54:36 ===== Bot started =====
09:54:36 smelt: inventory already empty - skipping to bank
09:55:21 ===== Bot started =====
09:55:25 ===== Bot started =====
09:55:33 STOPPED: Could not find the furnace marker color
09:58:30 ===== Bot started =====
09:58:30 smelt: furnace marker found at 1863,421 - clicking with offset
09:58:35 smelt: smelt dialog visible - confirming with Space
09:59:02 smelt: inventory emptied - done smelting, moving to bank
09:59:02 bank: bank marker found at 493,1027 - clicking with offset
09:59:09 bank: done withdrawing, returning to smelt phase
09:59:09 smelt: inventory already empty - skipping to bank
10:00:45 ===== Bot started =====
10:00:45 smelt: furnace marker found at 1863,421 - clicking with offset
10:00:50 smelt: smelt dialog visible - confirming with Space
10:01:17 smelt: inventory emptied - done smelting, moving to bank
10:01:17 bank: bank marker found at 493,1027 - clicking with offset
10:01:24 bank: done withdrawing, returning to smelt phase
10:01:25 smelt: furnace marker found at 1863,421 - clicking with offset
10:01:30 smelt: smelt dialog visible - confirming with Space
10:01:57 smelt: inventory emptied - done smelting, moving to bank
10:01:57 bank: bank marker found at 493,1027 - clicking with offset
10:02:04 bank: done withdrawing, returning to smelt phase
10:02:04 smelt: furnace marker found at 1863,421 - clicking with offset
10:02:08 smelt: smelt dialog visible - confirming with Space
10:02:36 smelt: inventory emptied - done smelting, moving to bank
10:02:36 bank: bank marker found at 493,1027 - clicking with offset
10:02:43 bank: done withdrawing, returning to smelt phase
10:02:43 smelt: furnace marker found at 1863,421 - clicking with offset
10:02:48 smelt: smelt dialog visible - confirming with Space
10:03:15 smelt: inventory emptied - done smelting, moving to bank
10:03:15 bank: bank marker found at 493,1027 - clicking with offset
10:03:22 bank: done withdrawing, returning to smelt phase
10:03:22 smelt: furnace marker found at 1863,421 - clicking with offset
10:03:27 smelt: smelt dialog visible - confirming with Space
10:03:54 smelt: inventory emptied - done smelting, moving to bank
10:03:54 bank: bank marker found at 493,1027 - clicking with offset
10:04:02 bank: done withdrawing, returning to smelt phase
10:04:02 smelt: furnace marker found at 1863,421 - clicking with offset
10:04:07 smelt: smelt dialog visible - confirming with Space
10:04:34 smelt: inventory emptied - done smelting, moving to bank
10:04:34 bank: bank marker found at 493,1027 - clicking with offset
10:04:41 bank: done withdrawing, returning to smelt phase
10:04:41 smelt: furnace marker found at 1863,421 - clicking with offset
10:04:46 smelt: smelt dialog visible - confirming with Space
10:05:13 smelt: inventory emptied - done smelting, moving to bank
10:05:13 bank: bank marker found at 493,1027 - clicking with offset
10:05:20 bank: done withdrawing, returning to smelt phase
10:05:21 smelt: furnace marker found at 1863,421 - clicking with offset
10:05:25 smelt: smelt dialog visible - confirming with Space
10:05:53 smelt: inventory emptied - done smelting, moving to bank
10:05:53 bank: bank marker found at 493,1027 - clicking with offset
10:06:00 bank: done withdrawing, returning to smelt phase
10:06:00 smelt: furnace marker found at 1863,421 - clicking with offset
10:06:05 smelt: smelt dialog visible - confirming with Space
10:06:32 smelt: inventory emptied - done smelting, moving to bank
10:06:32 bank: bank marker found at 493,1027 - clicking with offset
10:06:39 bank: done withdrawing, returning to smelt phase
10:06:39 smelt: furnace marker found at 1863,421 - clicking with offset
10:06:44 smelt: smelt dialog visible - confirming with Space
10:07:11 smelt: inventory emptied - done smelting, moving to bank
10:07:11 bank: bank marker found at 493,1027 - clicking with offset
10:07:18 bank: done withdrawing, returning to smelt phase
10:07:18 smelt: furnace marker found at 1863,421 - clicking with offset
10:07:23 smelt: smelt dialog visible - confirming with Space
10:07:50 smelt: inventory emptied - done smelting, moving to bank
10:07:50 bank: bank marker found at 493,1027 - clicking with offset
10:07:57 bank: done withdrawing, returning to smelt phase
10:07:57 smelt: furnace marker found at 1863,421 - clicking with offset
10:08:02 smelt: smelt dialog visible - confirming with Space
10:08:29 smelt: inventory emptied - done smelting, moving to bank
10:08:29 bank: bank marker found at 493,1027 - clicking with offset
10:08:36 bank: done withdrawing, returning to smelt phase
10:08:37 smelt: furnace marker found at 1863,421 - clicking with offset
10:08:42 smelt: smelt dialog visible - confirming with Space
10:09:09 smelt: inventory emptied - done smelting, moving to bank
10:09:09 bank: bank marker found at 493,1027 - clicking with offset
10:09:16 bank: done withdrawing, returning to smelt phase
10:09:16 smelt: furnace marker found at 1863,421 - clicking with offset
10:09:21 smelt: smelt dialog visible - confirming with Space
10:09:48 smelt: inventory emptied - done smelting, moving to bank
10:09:48 bank: bank marker found at 493,1027 - clicking with offset
10:09:56 bank: done withdrawing, returning to smelt phase
10:09:56 smelt: furnace marker found at 1863,421 - clicking with offset
10:10:03 smelt: smelt dialog visible - confirming with Space
10:10:30 smelt: inventory emptied - done smelting, moving to bank
10:10:30 bank: bank marker found at 493,1027 - clicking with offset
10:10:41 bank: done withdrawing, returning to smelt phase
10:10:42 smelt: furnace marker found at 1863,421 - clicking with offset
10:10:51 smelt: smelt dialog visible - confirming with Space
10:11:18 smelt: inventory emptied - done smelting, moving to bank
10:11:18 bank: bank marker found at 493,1027 - clicking with offset
10:11:26 bank: done withdrawing, returning to smelt phase
10:11:26 smelt: furnace marker found at 1863,421 - clicking with offset
10:11:31 smelt: smelt dialog visible - confirming with Space
10:11:58 smelt: inventory emptied - done smelting, moving to bank
10:11:58 bank: bank marker found at 493,1027 - clicking with offset
10:12:05 bank: done withdrawing, returning to smelt phase
10:12:06 smelt: furnace marker found at 1863,421 - clicking with offset
10:12:10 smelt: smelt dialog visible - confirming with Space
10:12:38 smelt: inventory emptied - done smelting, moving to bank
10:12:38 bank: bank marker found at 493,1027 - clicking with offset
10:12:45 bank: done withdrawing, returning to smelt phase
10:12:45 smelt: furnace marker found at 1863,421 - clicking with offset
10:12:53 smelt: smelt dialog visible - confirming with Space
10:13:20 smelt: inventory emptied - done smelting, moving to bank
10:13:20 bank: bank marker found at 493,1027 - clicking with offset
10:13:31 bank: done withdrawing, returning to smelt phase
10:13:31 smelt: furnace marker found at 1863,421 - clicking with offset
10:13:40 smelt: smelt dialog visible - confirming with Space
10:16:41 smelt: inventory emptied - done smelting, moving to bank
10:16:41 bank: bank marker found at 493,1027 - clicking with offset
10:16:48 bank: done withdrawing, returning to smelt phase
10:16:49 smelt: furnace marker found at 1863,421 - clicking with offset
10:16:54 smelt: smelt dialog visible - confirming with Space
10:17:21 smelt: inventory emptied - done smelting, moving to bank
10:17:21 bank: bank marker found at 493,1027 - clicking with offset
10:17:28 bank: done withdrawing, returning to smelt phase
10:17:29 smelt: furnace marker found at 1863,421 - clicking with offset
10:17:33 smelt: smelt dialog visible - confirming with Space
10:18:00 smelt: inventory emptied - done smelting, moving to bank
10:18:00 bank: bank marker found at 493,1027 - clicking with offset
10:18:07 bank: done withdrawing, returning to smelt phase
10:18:08 smelt: furnace marker found at 1863,421 - clicking with offset
10:18:12 smelt: smelt dialog visible - confirming with Space
10:18:39 smelt: inventory emptied - done smelting, moving to bank
10:18:39 bank: bank marker found at 493,1027 - clicking with offset
10:18:47 bank: done withdrawing, returning to smelt phase
10:18:47 smelt: furnace marker found at 1863,421 - clicking with offset
10:18:51 smelt: smelt dialog visible - confirming with Space
10:19:18 smelt: inventory emptied - done smelting, moving to bank
10:19:18 bank: bank marker found at 493,1027 - clicking with offset
10:19:25 bank: done withdrawing, returning to smelt phase
10:19:26 smelt: furnace marker found at 1863,421 - clicking with offset
10:19:30 smelt: smelt dialog visible - confirming with Space
10:19:57 smelt: inventory emptied - done smelting, moving to bank
10:19:58 bank: bank marker found at 493,1027 - clicking with offset
10:20:05 bank: done withdrawing, returning to smelt phase
10:20:05 smelt: furnace marker found at 1863,421 - clicking with offset
10:20:10 smelt: smelt dialog visible - confirming with Space
10:20:37 smelt: inventory emptied - done smelting, moving to bank
10:20:37 bank: bank marker found at 493,1027 - clicking with offset
10:20:44 bank: done withdrawing, returning to smelt phase
10:20:45 smelt: furnace marker found at 1863,421 - clicking with offset
10:20:49 smelt: smelt dialog visible - confirming with Space
10:21:17 smelt: inventory emptied - done smelting, moving to bank
10:21:17 bank: bank marker found at 493,1027 - clicking with offset
10:21:24 bank: done withdrawing, returning to smelt phase
10:21:24 smelt: furnace marker found at 1863,421 - clicking with offset
10:21:30 smelt: smelt dialog visible - confirming with Space
10:21:57 smelt: inventory emptied - done smelting, moving to bank
10:21:57 bank: bank marker found at 493,1027 - clicking with offset
10:22:09 bank: done withdrawing, returning to smelt phase
10:22:09 smelt: furnace marker found at 1863,421 - clicking with offset
10:22:18 smelt: smelt dialog visible - confirming with Space
10:22:45 smelt: inventory emptied - done smelting, moving to bank
10:22:45 bank: bank marker found at 493,1027 - clicking with offset
10:22:54 bank: done withdrawing, returning to smelt phase
10:22:54 smelt: furnace marker found at 1863,421 - clicking with offset
10:22:59 smelt: smelt dialog visible - confirming with Space
10:23:26 smelt: inventory emptied - done smelting, moving to bank
10:23:26 bank: bank marker found at 493,1027 - clicking with offset
10:23:34 bank: done withdrawing, returning to smelt phase
10:23:34 smelt: furnace marker found at 1863,421 - clicking with offset
10:23:39 smelt: smelt dialog visible - confirming with Space
10:24:06 smelt: inventory emptied - done smelting, moving to bank
10:24:06 bank: bank marker found at 493,1027 - clicking with offset
10:24:13 bank: done withdrawing, returning to smelt phase
10:24:13 smelt: furnace marker found at 1863,421 - clicking with offset
10:24:20 smelt: smelt dialog visible - confirming with Space
10:24:47 smelt: inventory emptied - done smelting, moving to bank
10:24:47 bank: bank marker found at 493,1027 - clicking with offset
10:24:59 bank: done withdrawing, returning to smelt phase
10:24:59 smelt: furnace marker found at 1863,421 - clicking with offset
10:25:08 smelt: smelt dialog visible - confirming with Space
10:25:35 smelt: inventory emptied - done smelting, moving to bank
10:25:35 bank: bank marker found at 493,1027 - clicking with offset
10:25:43 bank: done withdrawing, returning to smelt phase
10:25:43 smelt: furnace marker found at 1863,421 - clicking with offset
10:25:48 smelt: smelt dialog visible - confirming with Space
10:26:15 smelt: inventory emptied - done smelting, moving to bank
10:26:15 bank: bank marker found at 493,1027 - clicking with offset
10:26:22 bank: done withdrawing, returning to smelt phase
10:26:23 smelt: furnace marker found at 1863,421 - clicking with offset
10:26:27 smelt: smelt dialog visible - confirming with Space
10:26:54 smelt: inventory emptied - done smelting, moving to bank
10:26:54 bank: bank marker found at 493,1027 - clicking with offset
10:27:02 bank: done withdrawing, returning to smelt phase
10:27:02 smelt: furnace marker found at 1863,421 - clicking with offset
10:27:09 smelt: smelt dialog visible - confirming with Space
10:27:36 smelt: inventory emptied - done smelting, moving to bank
10:27:36 bank: bank marker found at 493,1027 - clicking with offset
10:27:48 bank: done withdrawing, returning to smelt phase
10:27:48 smelt: furnace marker found at 1863,421 - clicking with offset
10:27:57 smelt: smelt dialog visible - confirming with Space
10:28:24 smelt: inventory emptied - done smelting, moving to bank
10:28:24 bank: bank marker found at 493,1027 - clicking with offset
10:28:32 bank: done withdrawing, returning to smelt phase
10:28:32 smelt: furnace marker found at 1863,421 - clicking with offset
10:28:37 smelt: smelt dialog visible - confirming with Space
10:29:04 smelt: inventory emptied - done smelting, moving to bank
10:29:04 bank: bank marker found at 493,1027 - clicking with offset
10:29:11 bank: done withdrawing, returning to smelt phase
10:29:12 smelt: furnace marker found at 1863,421 - clicking with offset
10:29:17 smelt: smelt dialog visible - confirming with Space
10:29:44 smelt: inventory emptied - done smelting, moving to bank
10:29:44 bank: bank marker found at 493,1027 - clicking with offset
10:29:51 bank: done withdrawing, returning to smelt phase
10:29:51 smelt: furnace marker found at 1863,421 - clicking with offset
10:29:58 smelt: smelt dialog visible - confirming with Space
10:30:25 smelt: inventory emptied - done smelting, moving to bank
10:30:25 bank: bank marker found at 493,1027 - clicking with offset
10:30:36 bank: done withdrawing, returning to smelt phase
10:30:36 smelt: furnace marker found at 1863,421 - clicking with offset
10:30:45 smelt: smelt dialog visible - confirming with Space
10:31:13 smelt: inventory emptied - done smelting, moving to bank
10:31:13 bank: bank marker found at 493,1027 - clicking with offset
10:31:20 bank: done withdrawing, returning to smelt phase
10:31:21 smelt: furnace marker found at 1863,421 - clicking with offset
10:31:26 smelt: smelt dialog visible - confirming with Space
10:31:53 smelt: inventory emptied - done smelting, moving to bank
10:31:53 bank: bank marker found at 493,1027 - clicking with offset
10:32:00 bank: done withdrawing, returning to smelt phase
10:32:00 smelt: furnace marker found at 1863,421 - clicking with offset
10:32:05 smelt: smelt dialog visible - confirming with Space
10:32:32 smelt: inventory emptied - done smelting, moving to bank
10:32:32 bank: bank marker found at 493,1027 - clicking with offset
10:32:39 bank: done withdrawing, returning to smelt phase
10:32:39 smelt: furnace marker found at 1863,421 - clicking with offset
10:32:47 smelt: smelt dialog visible - confirming with Space
10:33:14 smelt: inventory emptied - done smelting, moving to bank
10:33:14 bank: bank marker found at 493,1027 - clicking with offset
10:33:25 bank: done withdrawing, returning to smelt phase
10:33:26 smelt: furnace marker found at 1863,421 - clicking with offset
10:33:35 smelt: smelt dialog visible - confirming with Space
10:34:02 smelt: inventory emptied - done smelting, moving to bank
10:34:02 bank: bank marker found at 493,1027 - clicking with offset
10:34:09 bank: done withdrawing, returning to smelt phase
10:34:09 smelt: furnace marker found at 1863,421 - clicking with offset
10:34:14 smelt: smelt dialog visible - confirming with Space
10:34:41 smelt: inventory emptied - done smelting, moving to bank
10:34:41 bank: bank marker found at 493,1027 - clicking with offset
10:34:48 bank: done withdrawing, returning to smelt phase
10:34:48 smelt: furnace marker found at 1863,421 - clicking with offset
10:34:53 smelt: smelt dialog visible - confirming with Space
10:35:20 smelt: inventory emptied - done smelting, moving to bank
10:35:20 bank: bank marker found at 493,1027 - clicking with offset
10:35:32 bank: done withdrawing, returning to smelt phase
10:35:32 smelt: furnace marker found at 1863,421 - clicking with offset
10:35:41 smelt: smelt dialog visible - confirming with Space
10:36:08 smelt: inventory emptied - done smelting, moving to bank
10:36:08 bank: bank marker found at 493,1027 - clicking with offset
10:36:18 bank: done withdrawing, returning to smelt phase
10:36:18 smelt: furnace marker found at 1863,421 - clicking with offset
10:36:23 smelt: smelt dialog visible - confirming with Space
10:36:50 smelt: inventory emptied - done smelting, moving to bank
10:36:50 bank: bank marker found at 493,1027 - clicking with offset
10:36:58 bank: done withdrawing, returning to smelt phase
10:36:58 smelt: furnace marker found at 1863,421 - clicking with offset
10:37:03 smelt: smelt dialog visible - confirming with Space
10:37:30 smelt: inventory emptied - done smelting, moving to bank
10:37:30 bank: bank marker found at 493,1027 - clicking with offset
10:37:37 bank: done withdrawing, returning to smelt phase
10:37:38 smelt: furnace marker found at 1863,421 - clicking with offset
10:37:44 smelt: smelt dialog visible - confirming with Space
10:38:11 smelt: inventory emptied - done smelting, moving to bank
10:38:11 bank: bank marker found at 493,1027 - clicking with offset
10:38:22 bank: done withdrawing, returning to smelt phase
10:38:23 smelt: furnace marker found at 1863,421 - clicking with offset
10:38:32 smelt: smelt dialog visible - confirming with Space
10:38:59 smelt: inventory emptied - done smelting, moving to bank
10:38:59 bank: bank marker found at 493,1027 - clicking with offset
10:39:07 bank: done withdrawing, returning to smelt phase
10:39:08 smelt: furnace marker found at 1863,421 - clicking with offset
10:39:13 smelt: smelt dialog visible - confirming with Space
10:39:40 smelt: inventory emptied - done smelting, moving to bank
10:39:40 bank: bank marker found at 493,1027 - clicking with offset
10:39:47 bank: done withdrawing, returning to smelt phase
10:39:47 smelt: furnace marker found at 1863,421 - clicking with offset
10:39:52 smelt: smelt dialog visible - confirming with Space
10:40:19 smelt: inventory emptied - done smelting, moving to bank
10:40:19 bank: bank marker found at 493,1027 - clicking with offset
10:40:26 bank: done withdrawing, returning to smelt phase
10:40:27 smelt: furnace marker found at 1863,421 - clicking with offset
10:40:34 smelt: smelt dialog visible - confirming with Space
10:41:01 smelt: inventory emptied - done smelting, moving to bank
10:41:01 bank: bank marker found at 493,1027 - clicking with offset
10:41:13 bank: done withdrawing, returning to smelt phase
10:41:13 smelt: furnace marker found at 1863,421 - clicking with offset
10:41:21 smelt: smelt dialog visible - confirming with Space
10:41:49 smelt: inventory emptied - done smelting, moving to bank
10:41:49 bank: bank marker found at 493,1027 - clicking with offset
10:41:56 bank: done withdrawing, returning to smelt phase
10:41:57 smelt: furnace marker found at 1863,421 - clicking with offset
10:42:02 smelt: smelt dialog visible - confirming with Space
10:42:29 smelt: inventory emptied - done smelting, moving to bank
10:42:29 bank: bank marker found at 493,1027 - clicking with offset
10:42:36 bank: done withdrawing, returning to smelt phase
10:42:37 smelt: furnace marker found at 1863,421 - clicking with offset
10:42:41 smelt: smelt dialog visible - confirming with Space
10:43:08 smelt: inventory emptied - done smelting, moving to bank
10:43:08 bank: bank marker found at 493,1027 - clicking with offset
10:43:16 bank: done withdrawing, returning to smelt phase
10:43:16 smelt: furnace marker found at 1863,421 - clicking with offset
10:43:23 smelt: smelt dialog visible - confirming with Space
10:43:50 smelt: inventory emptied - done smelting, moving to bank
10:43:50 bank: bank marker found at 493,1027 - clicking with offset
10:44:02 bank: done withdrawing, returning to smelt phase
10:44:02 smelt: furnace marker found at 1863,421 - clicking with offset
10:44:11 smelt: smelt dialog visible - confirming with Space
10:44:38 smelt: inventory emptied - done smelting, moving to bank
10:44:38 bank: bank marker found at 493,1027 - clicking with offset
10:44:46 bank: done withdrawing, returning to smelt phase
10:44:46 smelt: furnace marker found at 1863,421 - clicking with offset
10:44:51 smelt: smelt dialog visible - confirming with Space
10:45:18 smelt: inventory emptied - done smelting, moving to bank
10:45:18 bank: bank marker found at 493,1027 - clicking with offset
10:45:25 bank: done withdrawing, returning to smelt phase
10:45:26 smelt: furnace marker found at 1863,421 - clicking with offset
10:45:31 smelt: smelt dialog visible - confirming with Space
10:45:58 smelt: inventory emptied - done smelting, moving to bank
10:45:58 bank: bank marker found at 493,1027 - clicking with offset
10:46:09 bank: done withdrawing, returning to smelt phase
10:46:09 smelt: furnace marker found at 1863,421 - clicking with offset
10:46:18 smelt: smelt dialog visible - confirming with Space
10:46:45 smelt: inventory emptied - done smelting, moving to bank
10:46:45 bank: bank marker found at 493,1027 - clicking with offset
10:46:55 bank: done withdrawing, returning to smelt phase
10:46:56 smelt: furnace marker found at 1863,421 - clicking with offset
10:47:01 smelt: smelt dialog visible - confirming with Space
10:47:28 smelt: inventory emptied - done smelting, moving to bank
10:47:28 bank: bank marker found at 493,1027 - clicking with offset
10:47:35 bank: done withdrawing, returning to smelt phase
10:47:35 smelt: furnace marker found at 1863,421 - clicking with offset
10:47:40 smelt: smelt dialog visible - confirming with Space
10:48:07 smelt: inventory emptied - done smelting, moving to bank
10:48:07 bank: bank marker found at 493,1027 - clicking with offset
10:48:14 bank: done withdrawing, returning to smelt phase
10:48:15 smelt: furnace marker found at 1863,421 - clicking with offset
10:48:21 smelt: smelt dialog visible - confirming with Space
10:48:48 smelt: inventory emptied - done smelting, moving to bank
10:48:48 bank: bank marker found at 493,1027 - clicking with offset
10:48:59 bank: done withdrawing, returning to smelt phase
10:49:00 smelt: furnace marker found at 1863,421 - clicking with offset
10:49:09 smelt: smelt dialog visible - confirming with Space
10:49:36 smelt: inventory emptied - done smelting, moving to bank
10:49:36 bank: bank marker found at 493,1027 - clicking with offset
10:49:45 bank: done withdrawing, returning to smelt phase
10:49:45 smelt: furnace marker found at 1863,421 - clicking with offset
10:49:50 smelt: smelt dialog visible - confirming with Space
10:50:17 smelt: inventory emptied - done smelting, moving to bank
10:50:17 bank: bank marker found at 493,1027 - clicking with offset
10:50:24 bank: done withdrawing, returning to smelt phase
10:50:25 smelt: furnace marker found at 1863,421 - clicking with offset
10:50:29 smelt: smelt dialog visible - confirming with Space
10:50:57 smelt: inventory emptied - done smelting, moving to bank
10:50:57 bank: bank marker found at 493,1027 - clicking with offset
10:51:04 bank: done withdrawing, returning to smelt phase
10:51:04 smelt: furnace marker found at 1863,421 - clicking with offset
10:51:11 smelt: smelt dialog visible - confirming with Space
10:51:39 smelt: inventory emptied - done smelting, moving to bank
10:51:39 bank: bank marker found at 493,1027 - clicking with offset
10:51:50 bank: done withdrawing, returning to smelt phase
10:51:50 smelt: furnace marker found at 1863,421 - clicking with offset
10:51:59 smelt: smelt dialog visible - confirming with Space
10:52:27 smelt: inventory emptied - done smelting, moving to bank
10:52:27 bank: bank marker found at 493,1027 - clicking with offset
10:52:34 bank: done withdrawing, returning to smelt phase
10:52:34 smelt: furnace marker found at 1863,421 - clicking with offset
10:52:39 smelt: smelt dialog visible - confirming with Space
10:53:06 smelt: inventory emptied - done smelting, moving to bank
10:53:06 bank: bank marker found at 493,1027 - clicking with offset
10:53:13 bank: done withdrawing, returning to smelt phase
10:53:13 smelt: furnace marker found at 1863,421 - clicking with offset
10:53:18 smelt: smelt dialog visible - confirming with Space
10:53:45 smelt: inventory emptied - done smelting, moving to bank
10:53:45 bank: bank marker found at 493,1027 - clicking with offset
10:53:57 bank: done withdrawing, returning to smelt phase
10:53:57 smelt: furnace marker found at 1863,421 - clicking with offset
10:54:06 smelt: smelt dialog visible - confirming with Space
10:54:33 smelt: inventory emptied - done smelting, moving to bank
10:54:33 bank: bank marker found at 493,1027 - clicking with offset
10:54:43 bank: done withdrawing, returning to smelt phase
10:54:43 smelt: furnace marker found at 1863,421 - clicking with offset
10:54:48 smelt: smelt dialog visible - confirming with Space
10:55:15 smelt: inventory emptied - done smelting, moving to bank
10:55:15 bank: bank marker found at 493,1027 - clicking with offset
10:55:22 bank: done withdrawing, returning to smelt phase
10:55:23 smelt: furnace marker found at 1863,421 - clicking with offset
10:55:28 smelt: smelt dialog visible - confirming with Space
10:55:55 smelt: inventory emptied - done smelting, moving to bank
10:55:55 bank: bank marker found at 493,1027 - clicking with offset
10:56:02 bank: done withdrawing, returning to smelt phase
10:56:02 smelt: furnace marker found at 1863,421 - clicking with offset
10:56:09 smelt: smelt dialog visible - confirming with Space
10:56:36 smelt: inventory emptied - done smelting, moving to bank
10:56:36 bank: bank marker found at 493,1027 - clicking with offset
10:56:48 bank: done withdrawing, returning to smelt phase
10:56:48 smelt: furnace marker found at 1863,421 - clicking with offset
10:56:57 smelt: smelt dialog visible - confirming with Space
10:57:24 smelt: inventory emptied - done smelting, moving to bank
10:57:24 bank: bank marker found at 493,1027 - clicking with offset
10:57:32 bank: done withdrawing, returning to smelt phase
10:57:32 smelt: furnace marker found at 1863,421 - clicking with offset
10:57:37 smelt: smelt dialog visible - confirming with Space
10:58:04 smelt: inventory emptied - done smelting, moving to bank
10:58:04 bank: bank marker found at 493,1027 - clicking with offset
10:58:11 bank: done withdrawing, returning to smelt phase
10:58:11 smelt: furnace marker found at 1863,421 - clicking with offset
10:58:16 smelt: smelt dialog visible - confirming with Space
10:58:43 smelt: inventory emptied - done smelting, moving to bank
10:58:43 bank: bank marker found at 493,1027 - clicking with offset
10:58:51 bank: done withdrawing, returning to smelt phase
10:58:51 smelt: furnace marker found at 1863,421 - clicking with offset
10:58:59 smelt: smelt dialog visible - confirming with Space
10:59:26 smelt: inventory emptied - done smelting, moving to bank
10:59:26 bank: bank marker found at 493,1027 - clicking with offset
10:59:37 bank: done withdrawing, returning to smelt phase
10:59:37 smelt: furnace marker found at 1863,421 - clicking with offset
10:59:46 smelt: smelt dialog visible - confirming with Space
11:00:13 smelt: inventory emptied - done smelting, moving to bank
11:00:13 bank: bank marker found at 493,1027 - clicking with offset
11:00:21 bank: done withdrawing, returning to smelt phase
11:00:21 smelt: furnace marker found at 1863,421 - clicking with offset
11:00:26 smelt: smelt dialog visible - confirming with Space
11:00:53 smelt: inventory emptied - done smelting, moving to bank
11:00:53 bank: bank marker found at 493,1027 - clicking with offset
11:01:00 bank: done withdrawing, returning to smelt phase
11:01:00 smelt: furnace marker found at 1863,421 - clicking with offset
11:01:05 smelt: smelt dialog visible - confirming with Space
11:01:32 smelt: inventory emptied - done smelting, moving to bank
11:01:32 bank: bank marker found at 493,1027 - clicking with offset
11:01:43 bank: done withdrawing, returning to smelt phase
11:01:44 smelt: furnace marker found at 1863,421 - clicking with offset
11:01:53 smelt: smelt dialog visible - confirming with Space
11:02:20 smelt: inventory emptied - done smelting, moving to bank
11:02:20 bank: bank marker found at 493,1027 - clicking with offset
11:02:30 bank: done withdrawing, returning to smelt phase
11:02:30 smelt: furnace marker found at 1863,421 - clicking with offset
11:02:35 smelt: smelt dialog visible - confirming with Space
11:03:02 smelt: inventory emptied - done smelting, moving to bank
11:03:02 bank: bank marker found at 493,1027 - clicking with offset
11:03:09 bank: done withdrawing, returning to smelt phase
11:03:09 smelt: furnace marker found at 1863,421 - clicking with offset
11:03:14 smelt: smelt dialog visible - confirming with Space
11:03:41 smelt: inventory emptied - done smelting, moving to bank
11:03:41 bank: bank marker found at 493,1027 - clicking with offset
11:03:48 bank: done withdrawing, returning to smelt phase
11:03:48 smelt: furnace marker found at 1863,421 - clicking with offset
11:03:55 smelt: smelt dialog visible - confirming with Space
11:04:22 smelt: inventory emptied - done smelting, moving to bank
11:04:22 bank: bank marker found at 493,1027 - clicking with offset
11:04:33 bank: done withdrawing, returning to smelt phase
11:04:34 smelt: furnace marker found at 1863,421 - clicking with offset
11:04:43 smelt: smelt dialog visible - confirming with Space
11:05:10 smelt: inventory emptied - done smelting, moving to bank
11:05:10 bank: bank marker found at 493,1027 - clicking with offset
11:05:21 STOPPED: Stopped (F3)
11:05:23 STOPPED: Stopped (F3)
11:05:23 bank: done withdrawing, returning to smelt phase
11:05:24 STOPPED: Stopped (F3)
11:05:24 STOPPED: Stopped (F3)
11:05:24 STOPPED: Stopped (F3)
11:05:24 STOPPED: Stopped (F3)
11:05:24 STOPPED: Stopped (F3)
11:06:40 ===== Bot started =====
11:06:40 smelt: furnace marker found at 1863,421 - clicking with offset
11:06:45 smelt: smelt dialog visible - confirming with Space
11:07:12 smelt: inventory emptied - done smelting, moving to bank
11:07:12 bank: bank marker found at 493,1027 - clicking with offset
11:07:19 bank: done withdrawing, returning to smelt phase
11:07:19 smelt: furnace marker found at 1863,421 - clicking with offset
11:07:24 smelt: smelt dialog visible - confirming with Space
11:07:51 smelt: inventory emptied - done smelting, moving to bank
11:07:51 bank: bank marker found at 493,1027 - clicking with offset
11:07:58 bank: done withdrawing, returning to smelt phase
11:07:58 smelt: furnace marker found at 1863,421 - clicking with offset
11:08:03 smelt: smelt dialog visible - confirming with Space
11:08:30 smelt: inventory emptied - done smelting, moving to bank
11:08:30 bank: bank marker found at 493,1027 - clicking with offset
11:08:37 bank: done withdrawing, returning to smelt phase
11:08:37 smelt: furnace marker found at 1863,421 - clicking with offset
11:08:42 smelt: smelt dialog visible - confirming with Space
11:09:09 smelt: inventory emptied - done smelting, moving to bank
11:09:09 bank: bank marker found at 493,1027 - clicking with offset
11:09:16 bank: done withdrawing, returning to smelt phase
11:09:17 smelt: furnace marker found at 1863,421 - clicking with offset
11:09:22 smelt: smelt dialog visible - confirming with Space
11:09:49 smelt: inventory emptied - done smelting, moving to bank
11:09:49 bank: bank marker found at 493,1027 - clicking with offset
11:09:56 bank: done withdrawing, returning to smelt phase
11:09:57 smelt: furnace marker found at 1863,421 - clicking with offset
11:10:04 smelt: smelt dialog visible - confirming with Space
11:10:31 smelt: inventory emptied - done smelting, moving to bank
11:10:31 bank: bank marker found at 493,1027 - clicking with offset
11:10:43 bank: done withdrawing, returning to smelt phase
11:10:43 smelt: furnace marker found at 1863,421 - clicking with offset
11:10:52 smelt: smelt dialog visible - confirming with Space
11:13:53 smelt: inventory emptied - done smelting, moving to bank
11:13:53 bank: bank marker found at 493,1027 - clicking with offset
11:14:00 bank: done withdrawing, returning to smelt phase
11:14:01 smelt: furnace marker found at 1863,421 - clicking with offset
11:14:06 smelt: smelt dialog visible - confirming with Space
11:14:29 STOPPED: Stopped (F3)
11:14:29 smelt: inventory emptied - done smelting, moving to bank
11:16:14 ===== Bot started =====
11:16:15 smelt: furnace marker found at 1825,437 - clicking with offset
11:16:19 smelt: smelt dialog visible - confirming with Space
11:16:46 smelt: inventory emptied - done smelting, moving to bank
11:16:46 bank: bank marker found at 513,1015 - clicking with offset
11:16:54 bank: done withdrawing, returning to smelt phase
11:16:54 smelt: furnace marker found at 1825,437 - clicking with offset
11:16:59 smelt: smelt dialog visible - confirming with Space
11:17:26 smelt: inventory emptied - done smelting, moving to bank
11:17:26 bank: bank marker found at 513,1015 - clicking with offset
11:17:33 bank: done withdrawing, returning to smelt phase
11:17:34 smelt: furnace marker found at 1825,437 - clicking with offset
11:17:39 smelt: smelt dialog visible - confirming with Space
11:18:01 STOPPED: Stopped (F3)
11:18:01 smelt: inventory emptied - done smelting, moving to bank
11:21:13 ===== Bot started =====
11:21:18 ===== Bot started =====
11:21:18 smelt: furnace marker found at 1825,437 - clicking with offset
11:21:23 smelt: smelt dialog visible - confirming with Space
11:21:50 smelt: inventory emptied - done smelting, moving to bank
11:21:50 bank: bank marker found at 513,1015 - clicking with offset
11:21:57 bank: done withdrawing, returning to smelt phase
11:21:58 smelt: furnace marker found at 1825,437 - clicking with offset
11:22:03 smelt: smelt dialog visible - confirming with Space
11:22:30 smelt: inventory emptied - done smelting, moving to bank
11:22:30 bank: bank marker found at 513,1015 - clicking with offset
11:22:37 bank: done withdrawing, returning to smelt phase
11:22:37 smelt: furnace marker found at 1825,437 - clicking with offset
11:22:42 smelt: smelt dialog visible - confirming with Space
11:23:09 smelt: inventory emptied - done smelting, moving to bank
11:23:09 bank: bank marker found at 513,1015 - clicking with offset
11:23:16 bank: done withdrawing, returning to smelt phase
11:23:16 smelt: furnace marker found at 1825,437 - clicking with offset
11:23:21 smelt: smelt dialog visible - confirming with Space
11:23:48 smelt: inventory emptied - done smelting, moving to bank
11:23:48 bank: bank marker found at 513,1015 - clicking with offset
11:23:56 bank: done withdrawing, returning to smelt phase
11:23:56 smelt: furnace marker found at 1825,437 - clicking with offset
11:24:01 smelt: smelt dialog visible - confirming with Space
11:24:28 smelt: inventory emptied - done smelting, moving to bank
11:24:28 bank: bank marker found at 513,1015 - clicking with offset
11:24:35 bank: done withdrawing, returning to smelt phase
11:24:36 smelt: furnace marker found at 1825,437 - clicking with offset
11:24:40 smelt: smelt dialog visible - confirming with Space
11:25:08 smelt: inventory emptied - done smelting, moving to bank
11:25:08 bank: bank marker found at 513,1015 - clicking with offset
11:25:15 bank: done withdrawing, returning to smelt phase
11:25:15 smelt: furnace marker found at 1825,437 - clicking with offset
11:25:20 smelt: smelt dialog visible - confirming with Space
11:25:47 smelt: inventory emptied - done smelting, moving to bank
11:25:47 bank: bank marker found at 513,1015 - clicking with offset
11:25:54 bank: done withdrawing, returning to smelt phase
11:25:55 smelt: furnace marker found at 1825,437 - clicking with offset
11:26:00 smelt: smelt dialog visible - confirming with Space
11:26:27 smelt: inventory emptied - done smelting, moving to bank
11:26:27 bank: bank marker found at 513,1015 - clicking with offset
11:26:34 bank: done withdrawing, returning to smelt phase
11:26:34 smelt: furnace marker found at 1825,437 - clicking with offset
11:26:39 smelt: smelt dialog visible - confirming with Space
11:27:06 smelt: inventory emptied - done smelting, moving to bank
11:27:06 bank: bank marker found at 513,1015 - clicking with offset
11:27:13 bank: done withdrawing, returning to smelt phase
11:27:13 smelt: furnace marker found at 1825,437 - clicking with offset
11:27:18 smelt: smelt dialog visible - confirming with Space
11:27:45 smelt: inventory emptied - done smelting, moving to bank
11:27:45 bank: bank marker found at 513,1015 - clicking with offset
11:27:53 bank: done withdrawing, returning to smelt phase
11:27:53 smelt: furnace marker found at 1825,437 - clicking with offset
11:27:58 smelt: smelt dialog visible - confirming with Space
11:28:25 smelt: inventory emptied - done smelting, moving to bank
11:28:25 bank: bank marker found at 513,1015 - clicking with offset
11:28:32 bank: done withdrawing, returning to smelt phase
11:28:33 smelt: furnace marker found at 1825,437 - clicking with offset
11:28:37 smelt: smelt dialog visible - confirming with Space
11:29:05 smelt: inventory emptied - done smelting, moving to bank
11:29:05 bank: bank marker found at 513,1015 - clicking with offset
11:29:12 bank: done withdrawing, returning to smelt phase
11:29:12 smelt: furnace marker found at 1825,437 - clicking with offset
11:29:16 smelt: smelt dialog visible - confirming with Space
11:29:44 smelt: inventory emptied - done smelting, moving to bank
11:29:44 bank: bank marker found at 513,1015 - clicking with offset
11:29:51 bank: done withdrawing, returning to smelt phase
11:29:51 smelt: furnace marker found at 1825,437 - clicking with offset
11:29:56 smelt: smelt dialog visible - confirming with Space
11:30:23 smelt: inventory emptied - done smelting, moving to bank
11:30:23 bank: bank marker found at 513,1015 - clicking with offset
11:30:35 bank: done withdrawing, returning to smelt phase
11:30:35 smelt: furnace marker found at 1825,437 - clicking with offset
11:30:44 smelt: smelt dialog visible - confirming with Space
11:31:11 smelt: inventory emptied - done smelting, moving to bank
11:31:11 bank: bank marker found at 513,1015 - clicking with offset
11:31:21 bank: done withdrawing, returning to smelt phase
11:31:21 smelt: furnace marker found at 1825,437 - clicking with offset
11:31:26 smelt: smelt dialog visible - confirming with Space
11:31:53 smelt: inventory emptied - done smelting, moving to bank
11:31:53 bank: bank marker found at 513,1015 - clicking with offset
11:32:01 bank: done withdrawing, returning to smelt phase
11:32:01 smelt: furnace marker found at 1825,437 - clicking with offset
11:32:06 smelt: smelt dialog visible - confirming with Space
11:32:33 smelt: inventory emptied - done smelting, moving to bank
11:32:33 bank: bank marker found at 513,1015 - clicking with offset
11:32:40 bank: done withdrawing, returning to smelt phase
11:32:40 smelt: furnace marker found at 1825,437 - clicking with offset
11:32:46 smelt: smelt dialog visible - confirming with Space
11:33:14 smelt: inventory emptied - done smelting, moving to bank
11:33:14 bank: bank marker found at 513,1015 - clicking with offset
11:33:25 bank: done withdrawing, returning to smelt phase
11:33:25 smelt: furnace marker found at 1825,437 - clicking with offset
11:33:34 smelt: smelt dialog visible - confirming with Space
11:34:01 smelt: inventory emptied - done smelting, moving to bank
11:34:01 bank: bank marker found at 513,1015 - clicking with offset
11:34:09 bank: done withdrawing, returning to smelt phase
11:34:09 smelt: furnace marker found at 1825,437 - clicking with offset
11:34:14 smelt: smelt dialog visible - confirming with Space
11:34:41 smelt: inventory emptied - done smelting, moving to bank
11:34:41 bank: bank marker found at 513,1015 - clicking with offset
11:34:48 bank: done withdrawing, returning to smelt phase
11:34:49 smelt: furnace marker found at 1825,437 - clicking with offset
11:34:54 smelt: smelt dialog visible - confirming with Space
11:35:21 smelt: inventory emptied - done smelting, moving to bank
11:35:21 bank: bank marker found at 513,1015 - clicking with offset
11:35:28 bank: done withdrawing, returning to smelt phase
11:35:29 smelt: furnace marker found at 1825,437 - clicking with offset
11:35:36 smelt: smelt dialog visible - confirming with Space
11:36:03 smelt: inventory emptied - done smelting, moving to bank
11:36:03 bank: bank marker found at 513,1015 - clicking with offset
11:36:14 bank: done withdrawing, returning to smelt phase
11:36:15 smelt: furnace marker found at 1825,437 - clicking with offset
11:36:24 smelt: smelt dialog visible - confirming with Space
11:36:51 smelt: inventory emptied - done smelting, moving to bank
11:36:51 bank: bank marker found at 513,1015 - clicking with offset
11:36:58 bank: done withdrawing, returning to smelt phase
11:36:59 smelt: furnace marker found at 1825,437 - clicking with offset
11:37:03 smelt: smelt dialog visible - confirming with Space
11:37:30 smelt: inventory emptied - done smelting, moving to bank
11:37:30 bank: bank marker found at 513,1015 - clicking with offset
11:37:38 bank: done withdrawing, returning to smelt phase
11:37:38 smelt: furnace marker found at 1825,437 - clicking with offset
11:37:43 smelt: smelt dialog visible - confirming with Space
11:38:10 smelt: inventory emptied - done smelting, moving to bank
11:38:10 bank: bank marker found at 513,1015 - clicking with offset
11:38:21 bank: done withdrawing, returning to smelt phase
11:38:21 smelt: furnace marker found at 1825,437 - clicking with offset
11:38:30 smelt: smelt dialog visible - confirming with Space
11:38:57 smelt: inventory emptied - done smelting, moving to bank
11:38:57 bank: bank marker found at 513,1015 - clicking with offset
11:39:08 bank: done withdrawing, returning to smelt phase
11:39:08 smelt: furnace marker found at 1825,437 - clicking with offset
11:39:12 smelt: smelt dialog visible - confirming with Space
11:39:39 smelt: inventory emptied - done smelting, moving to bank
11:39:40 bank: bank marker found at 513,1015 - clicking with offset
11:39:47 bank: done withdrawing, returning to smelt phase
11:39:47 smelt: furnace marker found at 1825,437 - clicking with offset
11:39:52 smelt: smelt dialog visible - confirming with Space
11:40:19 smelt: inventory emptied - done smelting, moving to bank
11:40:19 bank: bank marker found at 513,1015 - clicking with offset
11:40:26 bank: done withdrawing, returning to smelt phase
11:40:27 smelt: furnace marker found at 1825,437 - clicking with offset
11:40:33 smelt: smelt dialog visible - confirming with Space
11:41:00 smelt: inventory emptied - done smelting, moving to bank
11:41:00 bank: bank marker found at 513,1015 - clicking with offset
11:41:11 bank: done withdrawing, returning to smelt phase
11:41:12 smelt: furnace marker found at 1825,437 - clicking with offset
11:41:21 smelt: smelt dialog visible - confirming with Space
11:41:48 smelt: inventory emptied - done smelting, moving to bank
11:41:48 bank: bank marker found at 513,1015 - clicking with offset
11:41:56 bank: done withdrawing, returning to smelt phase
11:41:56 smelt: furnace marker found at 1825,437 - clicking with offset
11:42:01 smelt: smelt dialog visible - confirming with Space
11:42:28 smelt: inventory emptied - done smelting, moving to bank
11:42:28 bank: bank marker found at 513,1015 - clicking with offset
11:42:35 bank: done withdrawing, returning to smelt phase
11:42:36 smelt: furnace marker found at 1825,437 - clicking with offset
11:42:41 smelt: smelt dialog visible - confirming with Space
11:43:08 smelt: inventory emptied - done smelting, moving to bank
11:43:08 bank: bank marker found at 513,1015 - clicking with offset
11:43:15 bank: done withdrawing, returning to smelt phase
11:43:15 smelt: furnace marker found at 1825,437 - clicking with offset
11:43:22 smelt: smelt dialog visible - confirming with Space
11:43:49 smelt: inventory emptied - done smelting, moving to bank
11:43:49 bank: bank marker found at 513,1015 - clicking with offset
11:44:01 bank: done withdrawing, returning to smelt phase
11:44:01 smelt: furnace marker found at 1825,437 - clicking with offset
11:44:10 smelt: smelt dialog visible - confirming with Space
11:44:37 smelt: inventory emptied - done smelting, moving to bank
11:44:37 bank: bank marker found at 513,1015 - clicking with offset
11:44:44 bank: done withdrawing, returning to smelt phase
11:44:45 smelt: furnace marker found at 1825,437 - clicking with offset
11:44:50 smelt: smelt dialog visible - confirming with Space
11:45:17 smelt: inventory emptied - done smelting, moving to bank
11:45:17 bank: bank marker found at 513,1015 - clicking with offset
11:45:24 bank: done withdrawing, returning to smelt phase
11:45:24 smelt: furnace marker found at 1825,437 - clicking with offset
11:45:29 smelt: smelt dialog visible - confirming with Space
11:45:56 smelt: inventory emptied - done smelting, moving to bank
11:45:56 bank: bank marker found at 513,1015 - clicking with offset
11:46:08 bank: done withdrawing, returning to smelt phase
11:46:08 smelt: furnace marker found at 1825,437 - clicking with offset
11:46:17 smelt: smelt dialog visible - confirming with Space
11:46:44 smelt: inventory emptied - done smelting, moving to bank
11:46:44 bank: bank marker found at 513,1015 - clicking with offset
11:46:54 bank: done withdrawing, returning to smelt phase
11:46:54 smelt: furnace marker found at 1825,437 - clicking with offset
11:46:59 smelt: smelt dialog visible - confirming with Space
11:47:26 smelt: inventory emptied - done smelting, moving to bank
11:47:26 bank: bank marker found at 513,1015 - clicking with offset
11:47:33 bank: done withdrawing, returning to smelt phase
11:47:33 smelt: furnace marker found at 1825,437 - clicking with offset
11:47:38 smelt: smelt dialog visible - confirming with Space
11:48:05 smelt: inventory emptied - done smelting, moving to bank
11:48:05 bank: bank marker found at 513,1015 - clicking with offset
11:48:12 bank: done withdrawing, returning to smelt phase
11:48:12 smelt: furnace marker found at 1825,437 - clicking with offset
11:48:19 smelt: smelt dialog visible - confirming with Space
11:48:46 smelt: inventory emptied - done smelting, moving to bank
11:48:46 bank: bank marker found at 513,1015 - clicking with offset
11:48:58 bank: done withdrawing, returning to smelt phase
11:48:58 smelt: furnace marker found at 1825,437 - clicking with offset
11:49:07 smelt: smelt dialog visible - confirming with Space
11:49:34 smelt: inventory emptied - done smelting, moving to bank
11:49:34 bank: bank marker found at 513,1015 - clicking with offset
11:49:42 bank: done withdrawing, returning to smelt phase
11:49:42 smelt: furnace marker found at 1825,437 - clicking with offset
11:49:47 smelt: smelt dialog visible - confirming with Space
11:50:14 smelt: inventory emptied - done smelting, moving to bank
11:50:14 bank: bank marker found at 513,1015 - clicking with offset
11:50:22 bank: done withdrawing, returning to smelt phase
11:50:22 smelt: furnace marker found at 1825,437 - clicking with offset
11:50:27 smelt: smelt dialog visible - confirming with Space
11:50:54 smelt: inventory emptied - done smelting, moving to bank
11:50:54 bank: bank marker found at 513,1015 - clicking with offset
11:51:01 bank: done withdrawing, returning to smelt phase
11:51:02 smelt: furnace marker found at 1825,437 - clicking with offset
11:51:09 smelt: smelt dialog visible - confirming with Space
11:51:36 smelt: inventory emptied - done smelting, moving to bank
11:51:36 bank: bank marker found at 513,1015 - clicking with offset
11:51:47 bank: done withdrawing, returning to smelt phase
11:51:47 smelt: furnace marker found at 1825,437 - clicking with offset
11:51:56 smelt: smelt dialog visible - confirming with Space
11:52:23 smelt: inventory emptied - done smelting, moving to bank
11:52:23 bank: bank marker found at 513,1015 - clicking with offset
11:52:31 bank: done withdrawing, returning to smelt phase
11:52:32 smelt: furnace marker found at 1825,437 - clicking with offset
11:52:36 smelt: smelt dialog visible - confirming with Space
11:53:04 smelt: inventory emptied - done smelting, moving to bank
11:53:04 bank: bank marker found at 513,1015 - clicking with offset
11:53:11 bank: done withdrawing, returning to smelt phase
11:53:11 smelt: furnace marker found at 1825,437 - clicking with offset
11:53:16 smelt: smelt dialog visible - confirming with Space
11:53:43 smelt: inventory emptied - done smelting, moving to bank
11:53:43 bank: bank marker found at 513,1015 - clicking with offset
11:53:50 bank: done withdrawing, returning to smelt phase
11:53:50 smelt: furnace marker found at 1825,437 - clicking with offset
11:53:58 smelt: smelt dialog visible - confirming with Space
11:54:25 smelt: inventory emptied - done smelting, moving to bank
11:54:25 bank: bank marker found at 513,1015 - clicking with offset
11:54:36 bank: done withdrawing, returning to smelt phase
11:54:37 smelt: furnace marker found at 1825,437 - clicking with offset
11:54:46 smelt: smelt dialog visible - confirming with Space
11:54:48 STOPPED: Stopped (F3)
11:54:48 smelt: inventory emptied - done smelting, moving to bank
